{"E:\\Web\\@reactnails\\packages\\core\\src\\Color\\Color.ts": {"path":"E:\\Web\\@reactnails\\packages\\core\\src\\Color\\Color.ts","statementMap":{"0":{"start":{"line":1,"column":0},"end":{"line":1,"column":50}},"1":{"start":{"line":12,"column":0},"end":{"line":12,"column":13}},"2":{"start":{"line":50,"column":4},"end":{"line":50,"column":24}},"3":{"start":{"line":100,"column":11},"end":{"line":100,"column":null}},"4":{"start":{"line":100,"column":51},"end":{"line":100,"column":null}},"5":{"start":{"line":107,"column":11},"end":{"line":107,"column":null}},"6":{"start":{"line":107,"column":52},"end":{"line":107,"column":null}},"7":{"start":{"line":113,"column":11},"end":{"line":113,"column":null}},"8":{"start":{"line":113,"column":29},"end":{"line":113,"column":null}},"9":{"start":{"line":120,"column":12},"end":{"line":125,"column":null}},"10":{"start":{"line":121,"column":19},"end":{"line":121,"column":35}},"11":{"start":{"line":122,"column":19},"end":{"line":122,"column":34}},"12":{"start":{"line":123,"column":25},"end":{"line":123,"column":88}},"13":{"start":{"line":124,"column":8},"end":{"line":124,"column":null}},"14":{"start":{"line":132,"column":11},"end":{"line":142,"column":null}},"15":{"start":{"line":133,"column":25},"end":{"line":133,"column":43}},"16":{"start":{"line":134,"column":8},"end":{"line":141,"column":null}},"17":{"start":{"line":148,"column":11},"end":{"line":148,"column":null}},"18":{"start":{"line":148,"column":36},"end":{"line":148,"column":null}},"19":{"start":{"line":154,"column":11},"end":{"line":159,"column":null}},"20":{"start":{"line":155,"column":8},"end":{"line":157,"column":null}},"21":{"start":{"line":156,"column":12},"end":{"line":156,"column":null}},"22":{"start":{"line":158,"column":8},"end":{"line":158,"column":null}},"23":{"start":{"line":165,"column":11},"end":{"line":170,"column":null}},"24":{"start":{"line":166,"column":8},"end":{"line":168,"column":null}},"25":{"start":{"line":167,"column":12},"end":{"line":167,"column":null}},"26":{"start":{"line":169,"column":8},"end":{"line":169,"column":null}},"27":{"start":{"line":176,"column":11},"end":{"line":181,"column":null}},"28":{"start":{"line":177,"column":8},"end":{"line":179,"column":null}},"29":{"start":{"line":178,"column":12},"end":{"line":178,"column":null}},"30":{"start":{"line":180,"column":8},"end":{"line":180,"column":null}},"31":{"start":{"line":183,"column":12},"end":{"line":183,"column":null}},"32":{"start":{"line":183,"column":38},"end":{"line":183,"column":null}},"33":{"start":{"line":185,"column":12},"end":{"line":192,"column":null}},"34":{"start":{"line":185,"column":32},"end":{"line":185,"column":null}},"35":{"start":{"line":186,"column":8},"end":{"line":188,"column":null}},"36":{"start":{"line":187,"column":12},"end":{"line":187,"column":null}},"37":{"start":{"line":189,"column":8},"end":{"line":191,"column":null}},"38":{"start":{"line":51,"column":8},"end":{"line":51,"column":null}},"39":{"start":{"line":52,"column":8},"end":{"line":52,"column":null}},"40":{"start":{"line":53,"column":8},"end":{"line":53,"column":null}},"41":{"start":{"line":54,"column":8},"end":{"line":54,"column":null}},"42":{"start":{"line":55,"column":8},"end":{"line":55,"column":null}},"43":{"start":{"line":56,"column":8},"end":{"line":56,"column":null}},"44":{"start":{"line":57,"column":8},"end":{"line":57,"column":null}},"45":{"start":{"line":196,"column":19},"end":{"line":245,"column":null}},"46":{"start":{"line":202,"column":19},"end":{"line":202,"column":26}},"47":{"start":{"line":203,"column":19},"end":{"line":203,"column":26}},"48":{"start":{"line":204,"column":19},"end":{"line":204,"column":26}},"49":{"start":{"line":207,"column":21},"end":{"line":207,"column":41}},"50":{"start":{"line":208,"column":21},"end":{"line":208,"column":41}},"51":{"start":{"line":209,"column":22},"end":{"line":209,"column":33}},"52":{"start":{"line":210,"column":16},"end":{"line":210,"column":17}},"53":{"start":{"line":211,"column":16},"end":{"line":211,"column":17}},"54":{"start":{"line":212,"column":16},"end":{"line":212,"column":17}},"55":{"start":{"line":216,"column":8},"end":{"line":227,"column":null}},"56":{"start":{"line":217,"column":12},"end":{"line":217,"column":null}},"57":{"start":{"line":218,"column":15},"end":{"line":227,"column":null}},"58":{"start":{"line":220,"column":12},"end":{"line":220,"column":null}},"59":{"start":{"line":221,"column":15},"end":{"line":227,"column":null}},"60":{"start":{"line":223,"column":12},"end":{"line":223,"column":null}},"61":{"start":{"line":226,"column":12},"end":{"line":226,"column":null}},"62":{"start":{"line":229,"column":8},"end":{"line":229,"column":null}},"63":{"start":{"line":232,"column":8},"end":{"line":232,"column":null}},"64":{"start":{"line":232,"column":21},"end":{"line":232,"column":31}},"65":{"start":{"line":235,"column":8},"end":{"line":235,"column":null}},"66":{"start":{"line":238,"column":8},"end":{"line":238,"column":null}},"67":{"start":{"line":241,"column":8},"end":{"line":241,"column":null}},"68":{"start":{"line":242,"column":8},"end":{"line":242,"column":null}},"69":{"start":{"line":244,"column":8},"end":{"line":244,"column":null}},"70":{"start":{"line":247,"column":19},"end":{"line":266,"column":null}},"71":{"start":{"line":252,"column":21},"end":{"line":252,"column":30}},"72":{"start":{"line":253,"column":23},"end":{"line":253,"column":34}},"73":{"start":{"line":255,"column":21},"end":{"line":255,"column":29}},"74":{"start":{"line":256,"column":8},"end":{"line":260,"column":null}},"75":{"start":{"line":257,"column":12},"end":{"line":257,"column":null}},"76":{"start":{"line":259,"column":12},"end":{"line":259,"column":null}},"77":{"start":{"line":261,"column":19},"end":{"line":261,"column":34}},"78":{"start":{"line":262,"column":18},"end":{"line":262,"column":68}},"79":{"start":{"line":263,"column":18},"end":{"line":263,"column":64}},"80":{"start":{"line":264,"column":18},"end":{"line":264,"column":68}},"81":{"start":{"line":265,"column":8},"end":{"line":265,"column":null}},"82":{"start":{"line":48,"column":27},"end":{"line":48,"column":null}},"83":{"start":{"line":67,"column":18},"end":{"line":70,"column":null}},"84":{"start":{"line":68,"column":28},"end":{"line":68,"column":51}},"85":{"start":{"line":68,"column":17},"end":{"line":68,"column":19}},"86":{"start":{"line":68,"column":20},"end":{"line":68,"column":22}},"87":{"start":{"line":68,"column":23},"end":{"line":68,"column":28}},"88":{"start":{"line":69,"column":8},"end":{"line":69,"column":null}},"89":{"start":{"line":79,"column":18},"end":{"line":82,"column":null}},"90":{"start":{"line":80,"column":28},"end":{"line":80,"column":51}},"91":{"start":{"line":80,"column":17},"end":{"line":80,"column":19}},"92":{"start":{"line":80,"column":20},"end":{"line":80,"column":22}},"93":{"start":{"line":80,"column":23},"end":{"line":80,"column":28}},"94":{"start":{"line":81,"column":8},"end":{"line":81,"column":null}},"95":{"start":{"line":84,"column":18},"end":{"line":87,"column":null}},"96":{"start":{"line":85,"column":28},"end":{"line":85,"column":51}},"97":{"start":{"line":85,"column":17},"end":{"line":85,"column":19}},"98":{"start":{"line":85,"column":20},"end":{"line":85,"column":22}},"99":{"start":{"line":85,"column":23},"end":{"line":85,"column":28}},"100":{"start":{"line":86,"column":8},"end":{"line":86,"column":null}},"101":{"start":{"line":89,"column":18},"end":{"line":93,"column":null}},"102":{"start":{"line":90,"column":20},"end":{"line":90,"column":49}},"103":{"start":{"line":91,"column":20},"end":{"line":91,"column":52}},"104":{"start":{"line":92,"column":8},"end":{"line":92,"column":null}},"105":{"start":{"line":194,"column":19},"end":{"line":194,"column":null}},"106":{"start":{"line":194,"column":81},"end":{"line":194,"column":null}},"107":{"start":{"line":268,"column":19},"end":{"line":284,"column":null}},"108":{"start":{"line":269,"column":21},"end":{"line":269,"column":24}},"109":{"start":{"line":270,"column":8},"end":{"line":272,"column":null}},"110":{"start":{"line":271,"column":12},"end":{"line":271,"column":null}},"111":{"start":{"line":273,"column":8},"end":{"line":275,"column":null}},"112":{"start":{"line":274,"column":12},"end":{"line":274,"column":null}},"113":{"start":{"line":276,"column":8},"end":{"line":278,"column":10}},"114":{"start":{"line":277,"column":12},"end":{"line":277,"column":null}},"115":{"start":{"line":278,"column":10},"end":{"line":280,"column":10}},"116":{"start":{"line":279,"column":12},"end":{"line":279,"column":null}},"117":{"start":{"line":280,"column":10},"end":{"line":282,"column":null}},"118":{"start":{"line":281,"column":12},"end":{"line":281,"column":null}},"119":{"start":{"line":283,"column":8},"end":{"line":283,"column":null}},"120":{"start":{"line":286,"column":19},"end":{"line":286,"column":null}},"121":{"start":{"line":286,"column":44},"end":{"line":286,"column":null}},"122":{"start":{"line":288,"column":19},"end":{"line":292,"column":null}},"123":{"start":{"line":289,"column":16},"end":{"line":289,"column":25}},"124":{"start":{"line":290,"column":8},"end":{"line":290,"column":null}},"125":{"start":{"line":291,"column":8},"end":{"line":291,"column":null}},"126":{"start":{"line":293,"column":0},"end":{"line":293,"column":null}},"127":{"start":{"line":12,"column":13},"end":{"line":12,"column":18}}},"fnMap":{"0":{"name":"(anonymous_0)","decl":{"start":{"line":12,"column":0},"end":{"line":12,"column":13}},"loc":{"start":{"line":12,"column":0},"end":{"line":12,"column":13}}},"1":{"name":"Color","decl":{"start":{"line":50,"column":4},"end":{"line":50,"column":24}},"loc":{"start":{"line":50,"column":99},"end":{"line":58,"column":5}}},"2":{"name":"(anonymous_2)","decl":{"start":{"line":100,"column":20},"end":{"line":100,"column":21}},"loc":{"start":{"line":100,"column":39},"end":{"line":100,"column":56}}},"3":{"name":"(anonymous_3)","decl":{"start":{"line":107,"column":21},"end":{"line":107,"column":22}},"loc":{"start":{"line":107,"column":40},"end":{"line":107,"column":57}}},"4":{"name":"(anonymous_4)","decl":{"start":{"line":113,"column":23},"end":{"line":113,"column":29}},"loc":{"start":{"line":113,"column":23},"end":{"line":113,"column":30}}},"5":{"name":"(anonymous_5)","decl":{"start":{"line":120,"column":23},"end":{"line":120,"column":24}},"loc":{"start":{"line":120,"column":34},"end":{"line":125,"column":5}}},"6":{"name":"(anonymous_6)","decl":{"start":{"line":132,"column":26},"end":{"line":132,"column":27}},"loc":{"start":{"line":132,"column":37},"end":{"line":142,"column":5}}},"7":{"name":"(anonymous_7)","decl":{"start":{"line":148,"column":22},"end":{"line":148,"column":36}},"loc":{"start":{"line":148,"column":22},"end":{"line":148,"column":40}}},"8":{"name":"(anonymous_8)","decl":{"start":{"line":154,"column":17},"end":{"line":154,"column":null}},"loc":{"start":{"line":154,"column":17},"end":{"line":159,"column":5}}},"9":{"name":"(anonymous_9)","decl":{"start":{"line":165,"column":17},"end":{"line":165,"column":null}},"loc":{"start":{"line":165,"column":17},"end":{"line":170,"column":5}}},"10":{"name":"(anonymous_10)","decl":{"start":{"line":176,"column":17},"end":{"line":176,"column":null}},"loc":{"start":{"line":176,"column":17},"end":{"line":181,"column":5}}},"11":{"name":"(anonymous_11)","decl":{"start":{"line":183,"column":23},"end":{"line":183,"column":38}},"loc":{"start":{"line":183,"column":23},"end":{"line":183,"column":42}}},"12":{"name":"(anonymous_12)","decl":{"start":{"line":185,"column":31},"end":{"line":185,"column":32}},"loc":{"start":{"line":185,"column":63},"end":{"line":192,"column":5}}},"13":{"name":"(anonymous_13)","decl":{"start":{"line":196,"column":4},"end":{"line":196,"column":19}},"loc":{"start":{"line":196,"column":59},"end":{"line":245,"column":5}}},"14":{"name":"(anonymous_14)","decl":{"start":{"line":247,"column":4},"end":{"line":247,"column":19}},"loc":{"start":{"line":247,"column":67},"end":{"line":266,"column":5}}},"15":{"name":"(anonymous_15)","decl":{"start":{"line":67,"column":24},"end":{"line":67,"column":25}},"loc":{"start":{"line":67,"column":56},"end":{"line":70,"column":5}}},"16":{"name":"(anonymous_16)","decl":{"start":{"line":79,"column":24},"end":{"line":79,"column":25}},"loc":{"start":{"line":79,"column":56},"end":{"line":82,"column":5}}},"17":{"name":"(anonymous_17)","decl":{"start":{"line":84,"column":25},"end":{"line":84,"column":26}},"loc":{"start":{"line":84,"column":68},"end":{"line":87,"column":5}}},"18":{"name":"(anonymous_18)","decl":{"start":{"line":89,"column":29},"end":{"line":89,"column":30}},"loc":{"start":{"line":89,"column":66},"end":{"line":93,"column":5}}},"19":{"name":"(anonymous_19)","decl":{"start":{"line":194,"column":26},"end":{"line":194,"column":27}},"loc":{"start":{"line":194,"column":68},"end":{"line":194,"column":84}}},"20":{"name":"(anonymous_20)","decl":{"start":{"line":268,"column":30},"end":{"line":268,"column":31}},"loc":{"start":{"line":268,"column":66},"end":{"line":284,"column":5}}},"21":{"name":"(anonymous_21)","decl":{"start":{"line":286,"column":27},"end":{"line":286,"column":28}},"loc":{"start":{"line":286,"column":39},"end":{"line":286,"column":48}}},"22":{"name":"(anonymous_22)","decl":{"start":{"line":288,"column":28},"end":{"line":288,"column":29}},"loc":{"start":{"line":288,"column":40},"end":{"line":292,"column":5}}}},"branchMap":{"0":{"loc":{"start":{"line":123,"column":25},"end":{"line":123,"column":88}},"type":"cond-expr","locations":[{"start":{"line":123,"column":35},"end":{"line":123,"column":60}},{"start":{"line":123,"column":63},"end":{"line":123,"column":88}}]},"1":{"loc":{"start":{"line":155,"column":8},"end":{"line":157,"column":null}},"type":"if","locations":[{"start":{"line":155,"column":8},"end":{"line":157,"column":null}}]},"2":{"loc":{"start":{"line":166,"column":8},"end":{"line":168,"column":null}},"type":"if","locations":[{"start":{"line":166,"column":8},"end":{"line":168,"column":null}}]},"3":{"loc":{"start":{"line":177,"column":8},"end":{"line":179,"column":null}},"type":"if","locations":[{"start":{"line":177,"column":8},"end":{"line":179,"column":null}}]},"4":{"loc":{"start":{"line":185,"column":32},"end":{"line":185,"column":null}},"type":"if","locations":[{"start":{"line":185,"column":32},"end":{"line":185,"column":null}}]},"5":{"loc":{"start":{"line":186,"column":8},"end":{"line":188,"column":null}},"type":"if","locations":[{"start":{"line":186,"column":8},"end":{"line":188,"column":null}}]},"6":{"loc":{"start":{"line":216,"column":8},"end":{"line":227,"column":null}},"type":"if","locations":[{"start":{"line":216,"column":8},"end":{"line":227,"column":null}},{"start":{"line":218,"column":15},"end":{"line":227,"column":null}}]},"7":{"loc":{"start":{"line":218,"column":15},"end":{"line":227,"column":null}},"type":"if","locations":[{"start":{"line":218,"column":15},"end":{"line":227,"column":null}},{"start":{"line":221,"column":15},"end":{"line":227,"column":null}}]},"8":{"loc":{"start":{"line":221,"column":15},"end":{"line":227,"column":null}},"type":"if","locations":[{"start":{"line":221,"column":15},"end":{"line":227,"column":null}},{"start":{"line":224,"column":15},"end":{"line":227,"column":null}}]},"9":{"loc":{"start":{"line":232,"column":8},"end":{"line":232,"column":null}},"type":"if","locations":[{"start":{"line":232,"column":8},"end":{"line":232,"column":null}}]},"10":{"loc":{"start":{"line":238,"column":12},"end":{"line":238,"column":63}},"type":"cond-expr","locations":[{"start":{"line":238,"column":26},"end":{"line":238,"column":27}},{"start":{"line":238,"column":30},"end":{"line":238,"column":63}}]},"11":{"loc":{"start":{"line":256,"column":8},"end":{"line":260,"column":null}},"type":"if","locations":[{"start":{"line":256,"column":8},"end":{"line":260,"column":null}},{"start":{"line":258,"column":15},"end":{"line":260,"column":null}}]},"12":{"loc":{"start":{"line":270,"column":8},"end":{"line":272,"column":null}},"type":"if","locations":[{"start":{"line":270,"column":8},"end":{"line":272,"column":null}}]},"13":{"loc":{"start":{"line":273,"column":8},"end":{"line":275,"column":null}},"type":"if","locations":[{"start":{"line":273,"column":8},"end":{"line":275,"column":null}}]},"14":{"loc":{"start":{"line":276,"column":8},"end":{"line":278,"column":10}},"type":"if","locations":[{"start":{"line":276,"column":8},"end":{"line":278,"column":10}}]},"15":{"loc":{"start":{"line":278,"column":10},"end":{"line":280,"column":10}},"type":"if","locations":[{"start":{"line":278,"column":10},"end":{"line":280,"column":10}}]},"16":{"loc":{"start":{"line":280,"column":10},"end":{"line":282,"column":null}},"type":"if","locations":[{"start":{"line":280,"column":10},"end":{"line":282,"column":null}}]},"17":{"loc":{"start":{"line":290,"column":12},"end":{"line":290,"column":null}},"type":"cond-expr","locations":[{"start":{"line":290,"column":27},"end":{"line":290,"column":36}},{"start":{"line":290,"column":39},"end":{"line":290,"column":null}}]}},"s":{"0":1,"1":1,"2":41,"3":41,"4":2,"5":41,"6":1,"7":41,"8":22,"9":41,"10":10,"11":10,"12":10,"13":10,"14":41,"15":3,"16":3,"17":41,"18":4,"19":41,"20":5,"21":1,"22":4,"23":41,"24":2,"25":1,"26":1,"27":41,"28":2,"29":1,"30":1,"31":41,"32":23,"33":41,"34":21,"35":14,"36":13,"37":1,"38":41,"39":41,"40":41,"41":41,"42":41,"43":41,"44":41,"45":1,"46":30,"47":30,"48":30,"49":30,"50":30,"51":30,"52":30,"53":30,"54":30,"55":30,"56":13,"57":17,"58":8,"59":9,"60":3,"61":6,"62":30,"63":30,"64":3,"65":30,"66":30,"67":30,"68":30,"69":30,"70":1,"71":10,"72":10,"73":10,"74":10,"75":9,"76":1,"77":10,"78":10,"79":10,"80":10,"81":10,"82":1,"83":1,"84":26,"85":26,"86":26,"87":26,"88":26,"89":1,"90":10,"91":10,"92":10,"93":10,"94":10,"95":1,"96":4,"97":4,"98":4,"99":4,"100":4,"101":1,"102":7,"103":7,"104":7,"105":1,"106":3,"107":1,"108":30,"109":30,"110":6,"111":30,"112":2,"113":30,"114":9,"115":21,"116":10,"117":11,"118":1,"119":10,"120":1,"121":16,"122":1,"123":66,"124":66,"125":66,"126":1,"127":1},"f":{"0":1,"1":41,"2":2,"3":1,"4":22,"5":10,"6":3,"7":4,"8":5,"9":2,"10":2,"11":23,"12":14,"13":30,"14":10,"15":26,"16":10,"17":4,"18":7,"19":3,"20":30,"21":16,"22":66},"b":{"0":[6,4],"1":[1],"2":[1],"3":[1],"4":[7],"5":[13],"6":[13,17],"7":[8,9],"8":[3,6],"9":[3],"10":[13,17],"11":[9,1],"12":[6],"13":[2],"14":[9],"15":[10],"16":[1],"17":[18,48]}}
,"E:\\Web\\@reactnails\\packages\\core\\src\\utils\\NumberUtils.ts": {"path":"E:\\Web\\@reactnails\\packages\\core\\src\\utils\\NumberUtils.ts","statementMap":{"0":{"start":{"line":1,"column":21},"end":{"line":1,"column":65}},"1":{"start":{"line":1,"column":61},"end":{"line":1,"column":null}},"2":{"start":{"line":3,"column":13},"end":{"line":5,"column":null}}},"fnMap":{"0":{"name":"(anonymous_0)","decl":{"start":{"line":1,"column":21},"end":{"line":1,"column":22}},"loc":{"start":{"line":1,"column":48},"end":{"line":1,"column":65}}}},"branchMap":{},"s":{"0":2,"1":12,"2":2},"f":{"0":12},"b":{}}
}
