TN:
SF:src\Color\Color.ts
FN:12,(anonymous_0)
FN:50,Color
FN:100,(anonymous_2)
FN:107,(anonymous_3)
FN:113,(anonymous_4)
FN:120,(anonymous_5)
FN:132,(anonymous_6)
FN:148,(anonymous_7)
FN:154,(anonymous_8)
FN:165,(anonymous_9)
FN:176,(anonymous_10)
FN:183,(anonymous_11)
FN:185,(anonymous_12)
FN:196,(anonymous_13)
FN:247,(anonymous_14)
FN:67,(anonymous_15)
FN:79,(anonymous_16)
FN:84,(anonymous_17)
FN:89,(anonymous_18)
FN:194,(anonymous_19)
FN:268,(anonymous_20)
FN:286,(anonymous_21)
FN:288,(anonymous_22)
FNF:23
FNH:23
FNDA:1,(anonymous_0)
FNDA:41,Color
FNDA:2,(anonymous_2)
FNDA:1,(anonymous_3)
FNDA:22,(anonymous_4)
FNDA:10,(anonymous_5)
FNDA:3,(anonymous_6)
FNDA:4,(anonymous_7)
FNDA:5,(anonymous_8)
FNDA:2,(anonymous_9)
FNDA:2,(anonymous_10)
FNDA:23,(anonymous_11)
FNDA:14,(anonymous_12)
FNDA:30,(anonymous_13)
FNDA:10,(anonymous_14)
FNDA:26,(anonymous_15)
FNDA:10,(anonymous_16)
FNDA:4,(anonymous_17)
FNDA:7,(anonymous_18)
FNDA:3,(anonymous_19)
FNDA:30,(anonymous_20)
FNDA:16,(anonymous_21)
FNDA:66,(anonymous_22)
DA:1,1
DA:12,1
DA:48,1
DA:50,41
DA:51,41
DA:52,41
DA:53,41
DA:54,41
DA:55,41
DA:56,41
DA:57,41
DA:67,1
DA:68,26
DA:69,26
DA:79,1
DA:80,10
DA:81,10
DA:84,1
DA:85,4
DA:86,4
DA:89,1
DA:90,7
DA:91,7
DA:92,7
DA:100,41
DA:107,41
DA:113,41
DA:120,41
DA:121,10
DA:122,10
DA:123,10
DA:124,10
DA:132,41
DA:133,3
DA:134,3
DA:148,41
DA:154,41
DA:155,5
DA:156,1
DA:158,4
DA:165,41
DA:166,2
DA:167,1
DA:169,1
DA:176,41
DA:177,2
DA:178,1
DA:180,1
DA:183,41
DA:185,41
DA:186,14
DA:187,13
DA:189,1
DA:194,3
DA:196,1
DA:202,30
DA:203,30
DA:204,30
DA:207,30
DA:208,30
DA:209,30
DA:210,30
DA:211,30
DA:212,30
DA:216,30
DA:217,13
DA:218,17
DA:220,8
DA:221,9
DA:223,3
DA:226,6
DA:229,30
DA:232,30
DA:235,30
DA:238,30
DA:241,30
DA:242,30
DA:244,30
DA:247,1
DA:252,10
DA:253,10
DA:255,10
DA:256,10
DA:257,9
DA:259,1
DA:261,10
DA:262,10
DA:263,10
DA:264,10
DA:265,10
DA:268,1
DA:269,30
DA:270,30
DA:271,6
DA:273,30
DA:274,2
DA:276,30
DA:277,9
DA:278,21
DA:279,10
DA:280,11
DA:281,1
DA:283,10
DA:286,16
DA:288,1
DA:289,66
DA:290,66
DA:291,66
DA:293,1
LF:109
LH:109
BRDA:123,0,0,6
BRDA:123,0,1,4
BRDA:155,1,0,1
BRDA:166,2,0,1
BRDA:177,3,0,1
BRDA:185,4,0,7
BRDA:186,5,0,13
BRDA:216,6,0,13
BRDA:216,6,1,17
BRDA:218,7,0,8
BRDA:218,7,1,9
BRDA:221,8,0,3
BRDA:221,8,1,6
BRDA:232,9,0,3
BRDA:238,10,0,13
BRDA:238,10,1,17
BRDA:256,11,0,9
BRDA:256,11,1,1
BRDA:270,12,0,6
BRDA:273,13,0,2
BRDA:276,14,0,9
BRDA:278,15,0,10
BRDA:280,16,0,1
BRDA:290,17,0,18
BRDA:290,17,1,48
BRF:25
BRH:25
end_of_record
TN:
SF:src\utils\NumberUtils.ts
FN:1,(anonymous_0)
FNF:1
FNH:1
FNDA:12,(anonymous_0)
DA:1,12
DA:3,2
LF:2
LH:2
BRF:0
BRH:0
end_of_record
